Determining if the pthread_create exist failed with the following output:
Change Dir: /home/admino/Documents/LMECA1120-Devoirs/build/CMakeFiles/CMakeTmp

Run Build Command:"/usr/bin/make" "cmTC_2f8f3/fast"
/usr/bin/make -f CMakeFiles/cmTC_2f8f3.dir/build.make CMakeFiles/cmTC_2f8f3.dir/build
make[1]: Entering directory '/home/admino/Documents/LMECA1120-Devoirs/build/CMakeFiles/CMakeTmp'
Building C object CMakeFiles/cmTC_2f8f3.dir/CheckSymbolExists.c.o
/usr/bin/cc    -o CMakeFiles/cmTC_2f8f3.dir/CheckSymbolExists.c.o   -c /home/admino/Documents/LMECA1120-Devoirs/build/CMakeFiles/CMakeTmp/CheckSymbolExists.c
Linking C executable cmTC_2f8f3
/usr/bin/cmake -E cmake_link_script CMakeFiles/cmTC_2f8f3.dir/link.txt --verbose=1
/usr/bin/cc      -rdynamic CMakeFiles/cmTC_2f8f3.dir/CheckSymbolExists.c.o  -o cmTC_2f8f3 
CMakeFiles/cmTC_2f8f3.dir/CheckSymbolExists.c.o: In function `main':
CheckSymbolExists.c:(.text+0x1b): undefined reference to `pthread_create'
collect2: error: ld returned 1 exit status
CMakeFiles/cmTC_2f8f3.dir/build.make:97: recipe for target 'cmTC_2f8f3' failed
make[1]: *** [cmTC_2f8f3] Error 1
make[1]: Leaving directory '/home/admino/Documents/LMECA1120-Devoirs/build/CMakeFiles/CMakeTmp'
Makefile:126: recipe for target 'cmTC_2f8f3/fast' failed
make: *** [cmTC_2f8f3/fast] Error 2

File /home/admino/Documents/LMECA1120-Devoirs/build/CMakeFiles/CMakeTmp/CheckSymbolExists.c:
/* */
#include <pthread.h>

int main(int argc, char** argv)
{
  (void)argv;
#ifndef pthread_create
  return ((int*)(&pthread_create))[argc];
#else
  (void)argc;
  return 0;
#endif
}

Determining if the function pthread_create exists in the pthreads failed with the following output:
Change Dir: /home/admino/Documents/LMECA1120-Devoirs/build/CMakeFiles/CMakeTmp

Run Build Command:"/usr/bin/make" "cmTC_f1062/fast"
/usr/bin/make -f CMakeFiles/cmTC_f1062.dir/build.make CMakeFiles/cmTC_f1062.dir/build
make[1]: Entering directory '/home/admino/Documents/LMECA1120-Devoirs/build/CMakeFiles/CMakeTmp'
Building C object CMakeFiles/cmTC_f1062.dir/CheckFunctionExists.c.o
/usr/bin/cc   -DCHECK_FUNCTION_EXISTS=pthread_create   -o CMakeFiles/cmTC_f1062.dir/CheckFunctionExists.c.o   -c /usr/share/cmake-3.9/Modules/CheckFunctionExists.c
Linking C executable cmTC_f1062
/usr/bin/cmake -E cmake_link_script CMakeFiles/cmTC_f1062.dir/link.txt --verbose=1
/usr/bin/cc  -DCHECK_FUNCTION_EXISTS=pthread_create    -rdynamic CMakeFiles/cmTC_f1062.dir/CheckFunctionExists.c.o  -o cmTC_f1062 -lpthreads 
/usr/bin/ld: cannot find -lpthreads
collect2: error: ld returned 1 exit status
CMakeFiles/cmTC_f1062.dir/build.make:97: recipe for target 'cmTC_f1062' failed
make[1]: *** [cmTC_f1062] Error 1
make[1]: Leaving directory '/home/admino/Documents/LMECA1120-Devoirs/build/CMakeFiles/CMakeTmp'
Makefile:126: recipe for target 'cmTC_f1062/fast' failed
make: *** [cmTC_f1062/fast] Error 2


Determining if the pthread_create exist failed with the following output:
Change Dir: /home/admino/Documents/LMECA1120-Devoirs/Integrate/build/CMakeFiles/CMakeTmp

Run Build Command:"/usr/bin/make" "cmTC_c190f/fast"
/usr/bin/make -f CMakeFiles/cmTC_c190f.dir/build.make CMakeFiles/cmTC_c190f.dir/build
make[1]: Entering directory '/home/admino/Documents/LMECA1120-Devoirs/Integrate/build/CMakeFiles/CMakeTmp'
Building C object CMakeFiles/cmTC_c190f.dir/CheckSymbolExists.c.o
/usr/bin/cc    -o CMakeFiles/cmTC_c190f.dir/CheckSymbolExists.c.o   -c /home/admino/Documents/LMECA1120-Devoirs/Integrate/build/CMakeFiles/CMakeTmp/CheckSymbolExists.c
Linking C executable cmTC_c190f
/usr/bin/cmake -E cmake_link_script CMakeFiles/cmTC_c190f.dir/link.txt --verbose=1
/usr/bin/cc      -rdynamic CMakeFiles/cmTC_c190f.dir/CheckSymbolExists.c.o  -o cmTC_c190f 
CMakeFiles/cmTC_c190f.dir/CheckSymbolExists.c.o: In function `main':
CheckSymbolExists.c:(.text+0x1b): undefined reference to `pthread_create'
collect2: error: ld returned 1 exit status
CMakeFiles/cmTC_c190f.dir/build.make:97: recipe for target 'cmTC_c190f' failed
make[1]: *** [cmTC_c190f] Error 1
make[1]: Leaving directory '/home/admino/Documents/LMECA1120-Devoirs/Integrate/build/CMakeFiles/CMakeTmp'
Makefile:126: recipe for target 'cmTC_c190f/fast' failed
make: *** [cmTC_c190f/fast] Error 2

File /home/admino/Documents/LMECA1120-Devoirs/Integrate/build/CMakeFiles/CMakeTmp/CheckSymbolExists.c:
/* */
#include <pthread.h>

int main(int argc, char** argv)
{
  (void)argv;
#ifndef pthread_create
  return ((int*)(&pthread_create))[argc];
#else
  (void)argc;
  return 0;
#endif
}

Determining if the function pthread_create exists in the pthreads failed with the following output:
Change Dir: /home/admino/Documents/LMECA1120-Devoirs/Integrate/build/CMakeFiles/CMakeTmp

Run Build Command:"/usr/bin/make" "cmTC_2bfd3/fast"
/usr/bin/make -f CMakeFiles/cmTC_2bfd3.dir/build.make CMakeFiles/cmTC_2bfd3.dir/build
make[1]: Entering directory '/home/admino/Documents/LMECA1120-Devoirs/Integrate/build/CMakeFiles/CMakeTmp'
Building C object CMakeFiles/cmTC_2bfd3.dir/CheckFunctionExists.c.o
/usr/bin/cc   -DCHECK_FUNCTION_EXISTS=pthread_create   -o CMakeFiles/cmTC_2bfd3.dir/CheckFunctionExists.c.o   -c /usr/share/cmake-3.9/Modules/CheckFunctionExists.c
Linking C executable cmTC_2bfd3
/usr/bin/cmake -E cmake_link_script CMakeFiles/cmTC_2bfd3.dir/link.txt --verbose=1
/usr/bin/cc  -DCHECK_FUNCTION_EXISTS=pthread_create    -rdynamic CMakeFiles/cmTC_2bfd3.dir/CheckFunctionExists.c.o  -o cmTC_2bfd3 -lpthreads 
/usr/bin/ld: cannot find -lpthreads
collect2: error: ld returned 1 exit status
CMakeFiles/cmTC_2bfd3.dir/build.make:97: recipe for target 'cmTC_2bfd3' failed
make[1]: *** [cmTC_2bfd3] Error 1
make[1]: Leaving directory '/home/admino/Documents/LMECA1120-Devoirs/Integrate/build/CMakeFiles/CMakeTmp'
Makefile:126: recipe for target 'cmTC_2bfd3/fast' failed
make: *** [cmTC_2bfd3/fast] Error 2


