Determining if the pthread_create exist failed with the following output:
Change Dir: /home/admino/Documents/LMECA1120-Devoirs/myFem-Edges/build/CMakeFiles/CMakeTmp

Run Build Command:"/usr/bin/make" "cmTC_7652e/fast"
/usr/bin/make -f CMakeFiles/cmTC_7652e.dir/build.make CMakeFiles/cmTC_7652e.dir/build
make[1]: Entering directory '/home/admino/Documents/LMECA1120-Devoirs/myFem-Edges/build/CMakeFiles/CMakeTmp'
Building C object CMakeFiles/cmTC_7652e.dir/CheckSymbolExists.c.o
/usr/bin/cc    -o CMakeFiles/cmTC_7652e.dir/CheckSymbolExists.c.o   -c /home/admino/Documents/LMECA1120-Devoirs/myFem-Edges/build/CMakeFiles/CMakeTmp/CheckSymbolExists.c
Linking C executable cmTC_7652e
/usr/bin/cmake -E cmake_link_script CMakeFiles/cmTC_7652e.dir/link.txt --verbose=1
/usr/bin/cc      -rdynamic CMakeFiles/cmTC_7652e.dir/CheckSymbolExists.c.o  -o cmTC_7652e 
CMakeFiles/cmTC_7652e.dir/CheckSymbolExists.c.o: In function `main':
CheckSymbolExists.c:(.text+0x1b): undefined reference to `pthread_create'
collect2: error: ld returned 1 exit status
CMakeFiles/cmTC_7652e.dir/build.make:97: recipe for target 'cmTC_7652e' failed
make[1]: *** [cmTC_7652e] Error 1
make[1]: Leaving directory '/home/admino/Documents/LMECA1120-Devoirs/myFem-Edges/build/CMakeFiles/CMakeTmp'
Makefile:126: recipe for target 'cmTC_7652e/fast' failed
make: *** [cmTC_7652e/fast] Error 2

File /home/admino/Documents/LMECA1120-Devoirs/myFem-Edges/build/CMakeFiles/CMakeTmp/CheckSymbolExists.c:
/* */
#include <pthread.h>

int main(int argc, char** argv)
{
  (void)argv;
#ifndef pthread_create
  return ((int*)(&pthread_create))[argc];
#else
  (void)argc;
  return 0;
#endif
}

Determining if the function pthread_create exists in the pthreads failed with the following output:
Change Dir: /home/admino/Documents/LMECA1120-Devoirs/myFem-Edges/build/CMakeFiles/CMakeTmp

Run Build Command:"/usr/bin/make" "cmTC_7301d/fast"
/usr/bin/make -f CMakeFiles/cmTC_7301d.dir/build.make CMakeFiles/cmTC_7301d.dir/build
make[1]: Entering directory '/home/admino/Documents/LMECA1120-Devoirs/myFem-Edges/build/CMakeFiles/CMakeTmp'
Building C object CMakeFiles/cmTC_7301d.dir/CheckFunctionExists.c.o
/usr/bin/cc   -DCHECK_FUNCTION_EXISTS=pthread_create   -o CMakeFiles/cmTC_7301d.dir/CheckFunctionExists.c.o   -c /usr/share/cmake-3.9/Modules/CheckFunctionExists.c
Linking C executable cmTC_7301d
/usr/bin/cmake -E cmake_link_script CMakeFiles/cmTC_7301d.dir/link.txt --verbose=1
/usr/bin/cc  -DCHECK_FUNCTION_EXISTS=pthread_create    -rdynamic CMakeFiles/cmTC_7301d.dir/CheckFunctionExists.c.o  -o cmTC_7301d -lpthreads 
/usr/bin/ld: cannot find -lpthreads
collect2: error: ld returned 1 exit status
CMakeFiles/cmTC_7301d.dir/build.make:97: recipe for target 'cmTC_7301d' failed
make[1]: *** [cmTC_7301d] Error 1
make[1]: Leaving directory '/home/admino/Documents/LMECA1120-Devoirs/myFem-Edges/build/CMakeFiles/CMakeTmp'
Makefile:126: recipe for target 'cmTC_7301d/fast' failed
make: *** [cmTC_7301d/fast] Error 2


