Determining if the pthread_create exist failed with the following output:
Change Dir: /home/admino/Documents/LMECA1120-Devoirs/BandSolver/build/CMakeFiles/CMakeTmp

Run Build Command:"/usr/bin/make" "cmTC_f1bb1/fast"
/usr/bin/make -f CMakeFiles/cmTC_f1bb1.dir/build.make CMakeFiles/cmTC_f1bb1.dir/build
make[1]: Entering directory '/home/admino/Documents/LMECA1120-Devoirs/BandSolver/build/CMakeFiles/CMakeTmp'
Building C object CMakeFiles/cmTC_f1bb1.dir/CheckSymbolExists.c.o
/usr/bin/cc    -o CMakeFiles/cmTC_f1bb1.dir/CheckSymbolExists.c.o   -c /home/admino/Documents/LMECA1120-Devoirs/BandSolver/build/CMakeFiles/CMakeTmp/CheckSymbolExists.c
Linking C executable cmTC_f1bb1
/usr/bin/cmake -E cmake_link_script CMakeFiles/cmTC_f1bb1.dir/link.txt --verbose=1
/usr/bin/cc      -rdynamic CMakeFiles/cmTC_f1bb1.dir/CheckSymbolExists.c.o  -o cmTC_f1bb1 
CMakeFiles/cmTC_f1bb1.dir/CheckSymbolExists.c.o: In function `main':
CheckSymbolExists.c:(.text+0x1b): undefined reference to `pthread_create'
collect2: error: ld returned 1 exit status
CMakeFiles/cmTC_f1bb1.dir/build.make:97: recipe for target 'cmTC_f1bb1' failed
make[1]: *** [cmTC_f1bb1] Error 1
make[1]: Leaving directory '/home/admino/Documents/LMECA1120-Devoirs/BandSolver/build/CMakeFiles/CMakeTmp'
Makefile:126: recipe for target 'cmTC_f1bb1/fast' failed
make: *** [cmTC_f1bb1/fast] Error 2

File /home/admino/Documents/LMECA1120-Devoirs/BandSolver/build/CMakeFiles/CMakeTmp/CheckSymbolExists.c:
/* */
#include <pthread.h>

int main(int argc, char** argv)
{
  (void)argv;
#ifndef pthread_create
  return ((int*)(&pthread_create))[argc];
#else
  (void)argc;
  return 0;
#endif
}

Determining if the function pthread_create exists in the pthreads failed with the following output:
Change Dir: /home/admino/Documents/LMECA1120-Devoirs/BandSolver/build/CMakeFiles/CMakeTmp

Run Build Command:"/usr/bin/make" "cmTC_cb319/fast"
/usr/bin/make -f CMakeFiles/cmTC_cb319.dir/build.make CMakeFiles/cmTC_cb319.dir/build
make[1]: Entering directory '/home/admino/Documents/LMECA1120-Devoirs/BandSolver/build/CMakeFiles/CMakeTmp'
Building C object CMakeFiles/cmTC_cb319.dir/CheckFunctionExists.c.o
/usr/bin/cc   -DCHECK_FUNCTION_EXISTS=pthread_create   -o CMakeFiles/cmTC_cb319.dir/CheckFunctionExists.c.o   -c /usr/share/cmake-3.9/Modules/CheckFunctionExists.c
Linking C executable cmTC_cb319
/usr/bin/cmake -E cmake_link_script CMakeFiles/cmTC_cb319.dir/link.txt --verbose=1
/usr/bin/cc  -DCHECK_FUNCTION_EXISTS=pthread_create    -rdynamic CMakeFiles/cmTC_cb319.dir/CheckFunctionExists.c.o  -o cmTC_cb319 -lpthreads 
/usr/bin/ld: cannot find -lpthreads
collect2: error: ld returned 1 exit status
CMakeFiles/cmTC_cb319.dir/build.make:97: recipe for target 'cmTC_cb319' failed
make[1]: *** [cmTC_cb319] Error 1
make[1]: Leaving directory '/home/admino/Documents/LMECA1120-Devoirs/BandSolver/build/CMakeFiles/CMakeTmp'
Makefile:126: recipe for target 'cmTC_cb319/fast' failed
make: *** [cmTC_cb319/fast] Error 2


