Determining if the pthread_create exist failed with the following output:
Change Dir: /home/admino/Documents/LMECA1120-Devoirs/Poisson/build/CMakeFiles/CMakeTmp

Run Build Command:"/usr/bin/make" "cmTC_d28a9/fast"
/usr/bin/make -f CMakeFiles/cmTC_d28a9.dir/build.make CMakeFiles/cmTC_d28a9.dir/build
make[1]: Entering directory '/home/admino/Documents/LMECA1120-Devoirs/Poisson/build/CMakeFiles/CMakeTmp'
Building C object CMakeFiles/cmTC_d28a9.dir/CheckSymbolExists.c.o
/usr/bin/cc    -o CMakeFiles/cmTC_d28a9.dir/CheckSymbolExists.c.o   -c /home/admino/Documents/LMECA1120-Devoirs/Poisson/build/CMakeFiles/CMakeTmp/CheckSymbolExists.c
Linking C executable cmTC_d28a9
/usr/bin/cmake -E cmake_link_script CMakeFiles/cmTC_d28a9.dir/link.txt --verbose=1
/usr/bin/cc      -rdynamic CMakeFiles/cmTC_d28a9.dir/CheckSymbolExists.c.o  -o cmTC_d28a9 
CMakeFiles/cmTC_d28a9.dir/CheckSymbolExists.c.o: In function `main':
CheckSymbolExists.c:(.text+0x1b): undefined reference to `pthread_create'
collect2: error: ld returned 1 exit status
CMakeFiles/cmTC_d28a9.dir/build.make:97: recipe for target 'cmTC_d28a9' failed
make[1]: *** [cmTC_d28a9] Error 1
make[1]: Leaving directory '/home/admino/Documents/LMECA1120-Devoirs/Poisson/build/CMakeFiles/CMakeTmp'
Makefile:126: recipe for target 'cmTC_d28a9/fast' failed
make: *** [cmTC_d28a9/fast] Error 2

File /home/admino/Documents/LMECA1120-Devoirs/Poisson/build/CMakeFiles/CMakeTmp/CheckSymbolExists.c:
/* */
#include <pthread.h>

int main(int argc, char** argv)
{
  (void)argv;
#ifndef pthread_create
  return ((int*)(&pthread_create))[argc];
#else
  (void)argc;
  return 0;
#endif
}

Determining if the function pthread_create exists in the pthreads failed with the following output:
Change Dir: /home/admino/Documents/LMECA1120-Devoirs/Poisson/build/CMakeFiles/CMakeTmp

Run Build Command:"/usr/bin/make" "cmTC_b21bf/fast"
/usr/bin/make -f CMakeFiles/cmTC_b21bf.dir/build.make CMakeFiles/cmTC_b21bf.dir/build
make[1]: Entering directory '/home/admino/Documents/LMECA1120-Devoirs/Poisson/build/CMakeFiles/CMakeTmp'
Building C object CMakeFiles/cmTC_b21bf.dir/CheckFunctionExists.c.o
/usr/bin/cc   -DCHECK_FUNCTION_EXISTS=pthread_create   -o CMakeFiles/cmTC_b21bf.dir/CheckFunctionExists.c.o   -c /usr/share/cmake-3.9/Modules/CheckFunctionExists.c
Linking C executable cmTC_b21bf
/usr/bin/cmake -E cmake_link_script CMakeFiles/cmTC_b21bf.dir/link.txt --verbose=1
/usr/bin/cc  -DCHECK_FUNCTION_EXISTS=pthread_create    -rdynamic CMakeFiles/cmTC_b21bf.dir/CheckFunctionExists.c.o  -o cmTC_b21bf -lpthreads 
/usr/bin/ld: cannot find -lpthreads
collect2: error: ld returned 1 exit status
CMakeFiles/cmTC_b21bf.dir/build.make:97: recipe for target 'cmTC_b21bf' failed
make[1]: *** [cmTC_b21bf] Error 1
make[1]: Leaving directory '/home/admino/Documents/LMECA1120-Devoirs/Poisson/build/CMakeFiles/CMakeTmp'
Makefile:126: recipe for target 'cmTC_b21bf/fast' failed
make: *** [cmTC_b21bf/fast] Error 2


